{"/home/nce/Projects/paperhub/src/App.vue": {"path":"/home/nce/Projects/paperhub/src/App.vue","statementMap":{"0":{"start":{"line":11,"column":0},"end":{"line":11,"column":null}},"1":{"start":{"line":20,"column":0},"end":{"line":20,"column":null}}},"fnMap":{"0":{"name":"(anonymous_1)","decl":{"start":{"line":20,"column":0},"end":{"line":20,"column":null}},"loc":{"start":{"line":20,"column":0},"end":{"line":20,"column":null}}}},"branchMap":{},"s":{"0":0,"1":0},"f":{"0":0},"b":{}}
,"/home/nce/Projects/paperhub/src/main.js": {"path":"/home/nce/Projects/paperhub/src/main.js","statementMap":{"0":{"start":{"line":7,"column":0},"end":{"line":7,"column":33}},"1":{"start":{"line":9,"column":0},"end":{"line":14,"column":18}},"2":{"start":{"line":13,"column":17},"end":{"line":13,"column":23}}},"fnMap":{"0":{"name":"(anonymous_0)","decl":{"start":{"line":13,"column":10},"end":{"line":13,"column":11}},"loc":{"start":{"line":13,"column":17},"end":{"line":13,"column":23}},"line":13}},"branchMap":{},"s":{"0":0,"1":0,"2":0},"f":{"0":0},"b":{},"hash":"90a41d717c4e89e416f2dee39b75a48afc00a0e1"}
,"/home/nce/Projects/paperhub/src/components/UploadDialog.vue": {"path":"/home/nce/Projects/paperhub/src/components/UploadDialog.vue","statementMap":{"0":{"start":{"line":63,"column":0},"end":{"line":63,"column":null}},"1":{"start":{"line":65,"column":0},"end":{"line":65,"column":null}},"2":{"start":{"line":73,"column":0},"end":{"line":73,"column":null}},"3":{"start":{"line":74,"column":0},"end":{"line":74,"column":null}},"4":{"start":{"line":77,"column":0},"end":{"line":77,"column":null}},"5":{"start":{"line":78,"column":0},"end":{"line":78,"column":null}},"6":{"start":{"line":79,"column":0},"end":{"line":79,"column":null}},"7":{"start":{"line":82,"column":0},"end":{"line":82,"column":null}},"8":{"start":{"line":83,"column":0},"end":{"line":83,"column":null}},"9":{"start":{"line":84,"column":0},"end":{"line":84,"column":null}},"10":{"start":{"line":85,"column":0},"end":{"line":85,"column":null}},"11":{"start":{"line":90,"column":0},"end":{"line":96,"column":null}},"12":{"start":{"line":91,"column":0},"end":{"line":91,"column":null}},"13":{"start":{"line":92,"column":0},"end":{"line":94,"column":null}},"14":{"start":{"line":93,"column":0},"end":{"line":93,"column":null}},"15":{"start":{"line":95,"column":0},"end":{"line":95,"column":null}}},"fnMap":{"0":{"name":"(anonymous_1)","decl":{"start":{"line":63,"column":0},"end":{"line":63,"column":null}},"loc":{"start":{"line":63,"column":0},"end":{"line":63,"column":null}}},"1":{"name":"(anonymous_2)","decl":{"start":{"line":65,"column":0},"end":{"line":65,"column":null}},"loc":{"start":{"line":65,"column":0},"end":{"line":65,"column":null}}},"2":{"name":"(anonymous_3)","decl":{"start":{"line":72,"column":0},"end":{"line":72,"column":null}},"loc":{"start":{"line":72,"column":0},"end":{"line":75,"column":null}}},"3":{"name":"(anonymous_4)","decl":{"start":{"line":76,"column":0},"end":{"line":76,"column":null}},"loc":{"start":{"line":76,"column":0},"end":{"line":80,"column":null}}},"4":{"name":"(anonymous_5)","decl":{"start":{"line":81,"column":0},"end":{"line":81,"column":null}},"loc":{"start":{"line":81,"column":0},"end":{"line":86,"column":null}}},"5":{"name":"(anonymous_6)","decl":{"start":{"line":89,"column":0},"end":{"line":89,"column":null}},"loc":{"start":{"line":89,"column":0},"end":{"line":97,"column":null}}},"6":{"name":"(anonymous_7)","decl":{"start":{"line":92,"column":0},"end":{"line":92,"column":null}},"loc":{"start":{"line":92,"column":0},"end":{"line":94,"column":null}}}},"branchMap":{"0":{"loc":{"start":{"line":65,"column":0},"end":{"line":65,"column":null}},"type":"binary-expr","locations":[{"start":{"line":65,"column":0},"end":{"line":65,"column":null}},{"start":{"line":65,"column":0},"end":{"line":65,"column":null}},{"start":{"line":65,"column":0},"end":{"line":65,"column":null}}]},"1":{"loc":{"start":{"line":90,"column":0},"end":{"line":96,"column":null}},"type":"if","locations":[{"start":{"line":90,"column":0},"end":{"line":96,"column":null}},{"start":{"line":90,"column":0},"end":{"line":96,"column":null}}]}},"s":{"0":4,"1":6,"2":1,"3":1,"4":0,"5":0,"6":0,"7":0,"8":0,"9":0,"10":0,"11":1,"12":1,"13":1,"14":1,"15":1},"f":{"0":4,"1":6,"2":1,"3":0,"4":0,"5":1,"6":1},"b":{"0":[6,0,0],"1":[1,0]}}
,"/home/nce/Projects/paperhub/src/components/Home/TopBar.vue": {"path":"/home/nce/Projects/paperhub/src/components/Home/TopBar.vue","statementMap":{"0":{"start":{"line":16,"column":0},"end":{"line":16,"column":null}}},"fnMap":{},"branchMap":{},"s":{"0":0},"f":{},"b":{}}
,"/home/nce/Projects/paperhub/src/store/index.js": {"path":"/home/nce/Projects/paperhub/src/store/index.js","statementMap":{"0":{"start":{"line":4,"column":0},"end":{"line":4,"column":14}}},"fnMap":{},"branchMap":{},"s":{"0":0},"f":{},"b":{},"hash":"6b0c847d099fbeaa3a477ba8ec6ce268810f23a4"}
}
