{"/home/nce/Projects/paperhub/src/App.vue": {"path":"/home/nce/Projects/paperhub/src/App.vue","statementMap":{"0":{"start":{"line":11,"column":0},"end":{"line":11,"column":null}},"1":{"start":{"line":12,"column":0},"end":{"line":12,"column":null}},"2":{"start":{"line":21,"column":0},"end":{"line":21,"column":null}},"3":{"start":{"line":26,"column":0},"end":{"line":26,"column":null}}},"fnMap":{"0":{"name":"(anonymous_1)","decl":{"start":{"line":20,"column":0},"end":{"line":20,"column":null}},"loc":{"start":{"line":20,"column":0},"end":{"line":22,"column":null}}},"1":{"name":"(anonymous_2)","decl":{"start":{"line":26,"column":0},"end":{"line":26,"column":null}},"loc":{"start":{"line":26,"column":0},"end":{"line":26,"column":null}}}},"branchMap":{},"s":{"0":1,"1":1,"2":2,"3":2},"f":{"0":2,"1":2},"b":{}}
,"/home/nce/Projects/paperhub/src/components/UploadDialog.vue": {"path":"/home/nce/Projects/paperhub/src/components/UploadDialog.vue","statementMap":{"0":{"start":{"line":115,"column":0},"end":{"line":115,"column":null}},"1":{"start":{"line":119,"column":0},"end":{"line":119,"column":null}},"2":{"start":{"line":122,"column":0},"end":{"line":122,"column":null}},"3":{"start":{"line":124,"column":0},"end":{"line":124,"column":null}},"4":{"start":{"line":131,"column":0},"end":{"line":131,"column":null}},"5":{"start":{"line":132,"column":0},"end":{"line":147,"column":null}},"6":{"start":{"line":133,"column":0},"end":{"line":133,"column":null}},"7":{"start":{"line":134,"column":0},"end":{"line":134,"column":null}},"8":{"start":{"line":135,"column":0},"end":{"line":135,"column":null}},"9":{"start":{"line":136,"column":0},"end":{"line":136,"column":null}},"10":{"start":{"line":142,"column":0},"end":{"line":142,"column":null}},"11":{"start":{"line":143,"column":0},"end":{"line":143,"column":null}},"12":{"start":{"line":145,"column":0},"end":{"line":145,"column":null}},"13":{"start":{"line":146,"column":0},"end":{"line":146,"column":null}},"14":{"start":{"line":150,"column":0},"end":{"line":150,"column":null}},"15":{"start":{"line":153,"column":0},"end":{"line":153,"column":null}},"16":{"start":{"line":154,"column":0},"end":{"line":154,"column":null}},"17":{"start":{"line":155,"column":0},"end":{"line":155,"column":null}},"18":{"start":{"line":158,"column":0},"end":{"line":158,"column":null}},"19":{"start":{"line":159,"column":0},"end":{"line":159,"column":null}},"20":{"start":{"line":164,"column":0},"end":{"line":164,"column":null}},"21":{"start":{"line":171,"column":0},"end":{"line":177,"column":null}},"22":{"start":{"line":172,"column":0},"end":{"line":172,"column":null}},"23":{"start":{"line":173,"column":0},"end":{"line":175,"column":null}},"24":{"start":{"line":174,"column":0},"end":{"line":174,"column":null}},"25":{"start":{"line":176,"column":0},"end":{"line":176,"column":null}}},"fnMap":{"0":{"name":"(anonymous_1)","decl":{"start":{"line":119,"column":0},"end":{"line":119,"column":null}},"loc":{"start":{"line":119,"column":0},"end":{"line":119,"column":null}}},"1":{"name":"(anonymous_2)","decl":{"start":{"line":122,"column":0},"end":{"line":122,"column":null}},"loc":{"start":{"line":122,"column":0},"end":{"line":122,"column":null}}},"2":{"name":"(anonymous_4)","decl":{"start":{"line":130,"column":0},"end":{"line":130,"column":null}},"loc":{"start":{"line":130,"column":0},"end":{"line":148,"column":null}}},"3":{"name":"(anonymous_5)","decl":{"start":{"line":149,"column":0},"end":{"line":149,"column":null}},"loc":{"start":{"line":149,"column":0},"end":{"line":151,"column":null}}},"4":{"name":"(anonymous_6)","decl":{"start":{"line":152,"column":0},"end":{"line":152,"column":null}},"loc":{"start":{"line":152,"column":0},"end":{"line":156,"column":null}}},"5":{"name":"(anonymous_7)","decl":{"start":{"line":157,"column":0},"end":{"line":157,"column":null}},"loc":{"start":{"line":157,"column":0},"end":{"line":160,"column":null}}},"6":{"name":"(anonymous_8)","decl":{"start":{"line":163,"column":0},"end":{"line":163,"column":null}},"loc":{"start":{"line":163,"column":0},"end":{"line":167,"column":null}}},"7":{"name":"(anonymous_9)","decl":{"start":{"line":164,"column":0},"end":{"line":164,"column":null}},"loc":{"start":{"line":164,"column":0},"end":{"line":164,"column":null}}},"8":{"name":"(anonymous_11)","decl":{"start":{"line":170,"column":0},"end":{"line":170,"column":null}},"loc":{"start":{"line":170,"column":0},"end":{"line":178,"column":null}}},"9":{"name":"(anonymous_12)","decl":{"start":{"line":173,"column":0},"end":{"line":173,"column":null}},"loc":{"start":{"line":173,"column":0},"end":{"line":175,"column":null}}}},"branchMap":{"0":{"loc":{"start":{"line":122,"column":0},"end":{"line":122,"column":null}},"type":"binary-expr","locations":[{"start":{"line":122,"column":0},"end":{"line":122,"column":null}},{"start":{"line":122,"column":0},"end":{"line":122,"column":null}}]},"1":{"loc":{"start":{"line":124,"column":0},"end":{"line":124,"column":null}},"type":"binary-expr","locations":[{"start":{"line":124,"column":0},"end":{"line":124,"column":null}},{"start":{"line":124,"column":0},"end":{"line":124,"column":null}}]},"2":{"loc":{"start":{"line":171,"column":0},"end":{"line":177,"column":null}},"type":"if","locations":[{"start":{"line":171,"column":0},"end":{"line":177,"column":null}},{"start":{"line":171,"column":0},"end":{"line":177,"column":null}}]},"3":{"loc":{"start":{"line":171,"column":0},"end":{"line":171,"column":null}},"type":"binary-expr","locations":[{"start":{"line":171,"column":0},"end":{"line":171,"column":null}},{"start":{"line":171,"column":0},"end":{"line":171,"column":null}}]}},"s":{"0":3,"1":11,"2":44,"3":44,"4":2,"5":2,"6":2,"7":2,"8":2,"9":2,"10":1,"11":1,"12":2,"13":2,"14":9,"15":4,"16":4,"17":4,"18":1,"19":1,"20":100,"21":9,"22":5,"23":5,"24":5,"25":5},"f":{"0":11,"1":88,"2":2,"3":9,"4":4,"5":1,"6":20,"7":80,"8":9,"9":5},"b":{"0":[127,34],"1":[132,83],"2":[5,4],"3":[9,5]}}
,"/home/nce/Projects/paperhub/src/components/Home/TopBar.vue": {"path":"/home/nce/Projects/paperhub/src/components/Home/TopBar.vue","statementMap":{"0":{"start":{"line":45,"column":0},"end":{"line":45,"column":null}},"1":{"start":{"line":46,"column":0},"end":{"line":46,"column":null}},"2":{"start":{"line":57,"column":0},"end":{"line":57,"column":null}}},"fnMap":{"0":{"name":"(anonymous_1)","decl":{"start":{"line":57,"column":0},"end":{"line":57,"column":null}},"loc":{"start":{"line":57,"column":0},"end":{"line":57,"column":null}}}},"branchMap":{},"s":{"0":2,"1":2,"2":3},"f":{"0":3},"b":{}}
,"/home/nce/Projects/paperhub/src/components/Login/LoginForm.vue": {"path":"/home/nce/Projects/paperhub/src/components/Login/LoginForm.vue","statementMap":{"0":{"start":{"line":92,"column":0},"end":{"line":92,"column":null}},"1":{"start":{"line":94,"column":0},"end":{"line":94,"column":null}},"2":{"start":{"line":100,"column":0},"end":{"line":119,"column":null}},"3":{"start":{"line":101,"column":0},"end":{"line":101,"column":null}},"4":{"start":{"line":105,"column":0},"end":{"line":105,"column":null}},"5":{"start":{"line":113,"column":0},"end":{"line":113,"column":null}},"6":{"start":{"line":114,"column":0},"end":{"line":114,"column":null}},"7":{"start":{"line":115,"column":0},"end":{"line":115,"column":null}},"8":{"start":{"line":117,"column":0},"end":{"line":117,"column":null}},"9":{"start":{"line":118,"column":0},"end":{"line":118,"column":null}},"10":{"start":{"line":125,"column":0},"end":{"line":125,"column":null}},"11":{"start":{"line":127,"column":0},"end":{"line":127,"column":null}},"12":{"start":{"line":130,"column":0},"end":{"line":130,"column":null}}},"fnMap":{"0":{"name":"(anonymous_1)","decl":{"start":{"line":99,"column":0},"end":{"line":99,"column":null}},"loc":{"start":{"line":99,"column":0},"end":{"line":120,"column":null}}},"1":{"name":"(anonymous_2)","decl":{"start":{"line":125,"column":0},"end":{"line":125,"column":null}},"loc":{"start":{"line":125,"column":0},"end":{"line":125,"column":null}}},"2":{"name":"(anonymous_3)","decl":{"start":{"line":127,"column":0},"end":{"line":127,"column":null}},"loc":{"start":{"line":127,"column":0},"end":{"line":127,"column":null}}},"3":{"name":"(anonymous_4)","decl":{"start":{"line":130,"column":0},"end":{"line":130,"column":null}},"loc":{"start":{"line":130,"column":0},"end":{"line":130,"column":null}}}},"branchMap":{"0":{"loc":{"start":{"line":127,"column":0},"end":{"line":127,"column":null}},"type":"binary-expr","locations":[{"start":{"line":127,"column":0},"end":{"line":127,"column":null}},{"start":{"line":127,"column":0},"end":{"line":127,"column":null}}]},"1":{"loc":{"start":{"line":130,"column":0},"end":{"line":130,"column":null}},"type":"binary-expr","locations":[{"start":{"line":130,"column":0},"end":{"line":130,"column":null}},{"start":{"line":130,"column":0},"end":{"line":130,"column":null}}]}},"s":{"0":2,"1":2,"2":2,"3":2,"4":2,"5":1,"6":1,"7":1,"8":1,"9":1,"10":3,"11":5,"12":5},"f":{"0":2,"1":3,"2":5,"3":5},"b":{"0":[5,3],"1":[5,3]}}
,"/home/nce/Projects/paperhub/src/components/Register/RegisterForm.vue": {"path":"/home/nce/Projects/paperhub/src/components/Register/RegisterForm.vue","statementMap":{"0":{"start":{"line":93,"column":0},"end":{"line":93,"column":null}},"1":{"start":{"line":98,"column":0},"end":{"line":98,"column":null}},"2":{"start":{"line":100,"column":0},"end":{"line":100,"column":null}},"3":{"start":{"line":105,"column":0},"end":{"line":105,"column":null}},"4":{"start":{"line":109,"column":0},"end":{"line":109,"column":null}},"5":{"start":{"line":121,"column":0},"end":{"line":140,"column":null}},"6":{"start":{"line":122,"column":0},"end":{"line":122,"column":null}},"7":{"start":{"line":128,"column":0},"end":{"line":128,"column":null}},"8":{"start":{"line":136,"column":0},"end":{"line":136,"column":null}},"9":{"start":{"line":138,"column":0},"end":{"line":138,"column":null}},"10":{"start":{"line":139,"column":0},"end":{"line":139,"column":null}}},"fnMap":{"0":{"name":"(anonymous_1)","decl":{"start":{"line":97,"column":0},"end":{"line":97,"column":null}},"loc":{"start":{"line":97,"column":0},"end":{"line":118,"column":null}}},"1":{"name":"(anonymous_2)","decl":{"start":{"line":100,"column":0},"end":{"line":100,"column":null}},"loc":{"start":{"line":100,"column":0},"end":{"line":100,"column":null}}},"2":{"name":"(anonymous_5)","decl":{"start":{"line":105,"column":0},"end":{"line":105,"column":null}},"loc":{"start":{"line":105,"column":0},"end":{"line":105,"column":null}}},"3":{"name":"(anonymous_7)","decl":{"start":{"line":109,"column":0},"end":{"line":109,"column":null}},"loc":{"start":{"line":109,"column":0},"end":{"line":109,"column":null}}},"4":{"name":"(anonymous_9)","decl":{"start":{"line":120,"column":0},"end":{"line":120,"column":null}},"loc":{"start":{"line":120,"column":0},"end":{"line":141,"column":null}}}},"branchMap":{"0":{"loc":{"start":{"line":100,"column":0},"end":{"line":100,"column":null}},"type":"binary-expr","locations":[{"start":{"line":100,"column":0},"end":{"line":100,"column":null}},{"start":{"line":100,"column":0},"end":{"line":100,"column":null}}]},"1":{"loc":{"start":{"line":100,"column":0},"end":{"line":100,"column":null}},"type":"binary-expr","locations":[{"start":{"line":100,"column":0},"end":{"line":100,"column":null}},{"start":{"line":100,"column":0},"end":{"line":100,"column":null}},{"start":{"line":100,"column":0},"end":{"line":100,"column":null}}]},"2":{"loc":{"start":{"line":105,"column":0},"end":{"line":105,"column":null}},"type":"binary-expr","locations":[{"start":{"line":105,"column":0},"end":{"line":105,"column":null}},{"start":{"line":105,"column":0},"end":{"line":105,"column":null}}]},"3":{"loc":{"start":{"line":105,"column":0},"end":{"line":105,"column":null}},"type":"binary-expr","locations":[{"start":{"line":105,"column":0},"end":{"line":105,"column":null}},{"start":{"line":105,"column":0},"end":{"line":105,"column":null}},{"start":{"line":105,"column":0},"end":{"line":105,"column":null}}]},"4":{"loc":{"start":{"line":109,"column":0},"end":{"line":109,"column":null}},"type":"binary-expr","locations":[{"start":{"line":109,"column":0},"end":{"line":109,"column":null}},{"start":{"line":109,"column":0},"end":{"line":109,"column":null}}]}},"s":{"0":2,"1":4,"2":18,"3":20,"4":12,"5":2,"6":2,"7":2,"8":1,"9":1,"10":1},"f":{"0":4,"1":18,"2":20,"3":12,"4":2},"b":{"0":[6,4],"1":[12,4,8],"2":[10,8],"3":[10,2,8],"4":[12,8]}}
,"/home/nce/Projects/paperhub/src/store/actions.js": {"path":"/home/nce/Projects/paperhub/src/store/actions.js","statementMap":{"0":{"start":{"line":3,"column":33},"end":{"line":3,"column":44}},"1":{"start":{"line":7,"column":4},"end":{"line":10,"column":7}},"2":{"start":{"line":11,"column":4},"end":{"line":11,"column":26}},"3":{"start":{"line":12,"column":4},"end":{"line":12,"column":35}},"4":{"start":{"line":15,"column":16},"end":{"line":18,"column":6}},"5":{"start":{"line":19,"column":20},"end":{"line":19,"column":36}},"6":{"start":{"line":20,"column":4},"end":{"line":20,"column":25}},"7":{"start":{"line":21,"column":4},"end":{"line":21,"column":36}}},"fnMap":{"0":{"name":"(anonymous_0)","decl":{"start":{"line":6,"column":2},"end":{"line":6,"column":3}},"loc":{"start":{"line":6,"column":27},"end":{"line":13,"column":3}},"line":6},"1":{"name":"(anonymous_1)","decl":{"start":{"line":14,"column":2},"end":{"line":14,"column":3}},"loc":{"start":{"line":14,"column":32},"end":{"line":22,"column":3}},"line":14}},"branchMap":{},"s":{"0":2,"1":1,"2":1,"3":1,"4":1,"5":1,"6":1,"7":1},"f":{"0":1,"1":1},"b":{},"_coverageSchema":"43e27e138ebf9cfc5966b082cf9a028302ed4184","hash":"26a1f339ac415fae9cb4fca06fcee521f8b681c8"}
,"/home/nce/Projects/paperhub/src/store/index.js": {"path":"/home/nce/Projects/paperhub/src/store/index.js","statementMap":{"0":{"start":{"line":7,"column":0},"end":{"line":7,"column":14}}},"fnMap":{},"branchMap":{},"s":{"0":1},"f":{},"b":{},"_coverageSchema":"43e27e138ebf9cfc5966b082cf9a028302ed4184","hash":"b266a303167e09b04a48a668027aca58ec136bfa"}
,"/home/nce/Projects/paperhub/src/store/mutations.js": {"path":"/home/nce/Projects/paperhub/src/store/mutations.js","statementMap":{"0":{"start":{"line":5,"column":4},"end":{"line":5,"column":39}},"1":{"start":{"line":8,"column":4},"end":{"line":8,"column":39}},"2":{"start":{"line":11,"column":4},"end":{"line":11,"column":40}}},"fnMap":{"0":{"name":"(anonymous_0)","decl":{"start":{"line":4,"column":18},"end":{"line":4,"column":19}},"loc":{"start":{"line":4,"column":38},"end":{"line":6,"column":3}},"line":4},"1":{"name":"(anonymous_1)","decl":{"start":{"line":7,"column":16},"end":{"line":7,"column":17}},"loc":{"start":{"line":7,"column":27},"end":{"line":9,"column":3}},"line":7},"2":{"name":"(anonymous_2)","decl":{"start":{"line":10,"column":17},"end":{"line":10,"column":18}},"loc":{"start":{"line":10,"column":28},"end":{"line":12,"column":3}},"line":10}},"branchMap":{},"s":{"0":1,"1":1,"2":1},"f":{"0":1,"1":1,"2":1},"b":{},"_coverageSchema":"43e27e138ebf9cfc5966b082cf9a028302ed4184","hash":"bfacefd5ebd4cf6d2edb7b0da3f14332f52f3ef8"}
,"/home/nce/Projects/paperhub/src/store/state.js": {"path":"/home/nce/Projects/paperhub/src/store/state.js","statementMap":{},"fnMap":{},"branchMap":{},"s":{},"f":{},"b":{},"_coverageSchema":"43e27e138ebf9cfc5966b082cf9a028302ed4184","hash":"be934104f9d704f8e2899724e7a51491e32cd6f5"}
,"/home/nce/Projects/paperhub/src/views/Login.vue": {"path":"/home/nce/Projects/paperhub/src/views/Login.vue","statementMap":{"0":{"start":{"line":6,"column":0},"end":{"line":6,"column":null}}},"fnMap":{},"branchMap":{},"s":{"0":1},"f":{},"b":{}}
,"/home/nce/Projects/paperhub/src/views/Register.vue": {"path":"/home/nce/Projects/paperhub/src/views/Register.vue","statementMap":{"0":{"start":{"line":7,"column":0},"end":{"line":7,"column":null}}},"fnMap":{},"branchMap":{},"s":{"0":1},"f":{},"b":{}}
}
