TN:
SF:/home/nce/Projects/paperhub/src/App.vue
FN:20,(anonymous_1)
FN:26,(anonymous_2)
FNF:2
FNH:2
FNDA:2,(anonymous_1)
FNDA:2,(anonymous_2)
DA:11,1
DA:12,1
DA:21,2
DA:26,2
LF:4
LH:4
BRF:0
BRH:0
end_of_record
TN:
SF:/home/nce/Projects/paperhub/src/components/UploadDialog.vue
FN:119,(anonymous_1)
FN:122,(anonymous_2)
FN:130,(anonymous_4)
FN:149,(anonymous_5)
FN:152,(anonymous_6)
FN:157,(anonymous_7)
FN:163,(anonymous_8)
FN:164,(anonymous_9)
FN:170,(anonymous_11)
FN:173,(anonymous_12)
FNF:10
FNH:10
FNDA:11,(anonymous_1)
FNDA:88,(anonymous_2)
FNDA:2,(anonymous_4)
FNDA:9,(anonymous_5)
FNDA:4,(anonymous_6)
FNDA:1,(anonymous_7)
FNDA:20,(anonymous_8)
FNDA:80,(anonymous_9)
FNDA:9,(anonymous_11)
FNDA:5,(anonymous_12)
DA:115,3
DA:119,11
DA:122,44
DA:124,44
DA:131,2
DA:132,2
DA:133,2
DA:134,2
DA:135,2
DA:136,2
DA:142,1
DA:143,1
DA:145,2
DA:146,2
DA:150,9
DA:153,4
DA:154,4
DA:155,4
DA:158,1
DA:159,1
DA:164,100
DA:171,9
DA:172,5
DA:173,5
DA:174,5
DA:176,5
LF:26
LH:26
BRDA:122,0,0,127
BRDA:122,0,1,34
BRDA:124,1,0,132
BRDA:124,1,1,83
BRDA:171,2,0,5
BRDA:171,2,1,4
BRDA:171,3,0,9
BRDA:171,3,1,5
BRF:8
BRH:8
end_of_record
TN:
SF:/home/nce/Projects/paperhub/src/components/Home/TopBar.vue
FN:57,(anonymous_1)
FNF:1
FNH:1
FNDA:3,(anonymous_1)
DA:45,2
DA:46,2
DA:57,3
LF:3
LH:3
BRF:0
BRH:0
end_of_record
TN:
SF:/home/nce/Projects/paperhub/src/components/Login/LoginForm.vue
FN:99,(anonymous_1)
FN:124,(anonymous_2)
FN:126,(anonymous_3)
FN:129,(anonymous_4)
FNF:4
FNH:4
FNDA:2,(anonymous_1)
FNDA:3,(anonymous_2)
FNDA:5,(anonymous_3)
FNDA:5,(anonymous_4)
DA:92,2
DA:94,2
DA:100,2
DA:101,2
DA:105,2
DA:113,1
DA:114,1
DA:116,1
DA:117,1
DA:124,3
DA:126,5
DA:129,5
LF:12
LH:12
BRDA:126,0,0,5
BRDA:126,0,1,3
BRDA:129,1,0,5
BRDA:129,1,1,3
BRF:4
BRH:4
end_of_record
TN:
SF:/home/nce/Projects/paperhub/src/components/Register/RegisterForm.vue
FN:97,(anonymous_1)
FN:100,(anonymous_2)
FN:105,(anonymous_5)
FN:109,(anonymous_7)
FN:120,(anonymous_9)
FNF:5
FNH:5
FNDA:4,(anonymous_1)
FNDA:18,(anonymous_2)
FNDA:20,(anonymous_5)
FNDA:12,(anonymous_7)
FNDA:2,(anonymous_9)
DA:93,2
DA:98,4
DA:100,18
DA:105,20
DA:109,12
DA:121,2
DA:122,2
DA:128,2
DA:136,1
DA:138,1
DA:139,1
LF:11
LH:11
BRDA:100,0,0,6
BRDA:100,0,1,4
BRDA:100,1,0,12
BRDA:100,1,1,4
BRDA:100,1,2,8
BRDA:105,2,0,10
BRDA:105,2,1,8
BRDA:105,3,0,10
BRDA:105,3,1,2
BRDA:105,3,2,8
BRDA:109,4,0,12
BRDA:109,4,1,8
BRF:12
BRH:12
end_of_record
TN:
SF:/home/nce/Projects/paperhub/src/store/actions.js
FN:6,(anonymous_0)
FN:14,(anonymous_1)
FNF:2
FNH:2
FNDA:1,(anonymous_0)
FNDA:1,(anonymous_1)
DA:3,2
DA:7,1
DA:11,1
DA:12,1
DA:15,1
DA:19,1
DA:20,1
DA:21,1
LF:8
LH:8
BRF:0
BRH:0
end_of_record
TN:
SF:/home/nce/Projects/paperhub/src/store/index.js
FNF:0
FNH:0
DA:7,1
LF:1
LH:1
BRF:0
BRH:0
end_of_record
TN:
SF:/home/nce/Projects/paperhub/src/store/mutations.js
FN:4,(anonymous_0)
FN:7,(anonymous_1)
FN:10,(anonymous_2)
FNF:3
FNH:3
FNDA:1,(anonymous_0)
FNDA:1,(anonymous_1)
FNDA:1,(anonymous_2)
DA:5,1
DA:8,1
DA:11,1
LF:3
LH:3
BRF:0
BRH:0
end_of_record
TN:
SF:/home/nce/Projects/paperhub/src/store/state.js
FNF:0
FNH:0
LF:0
LH:0
BRF:0
BRH:0
end_of_record
TN:
SF:/home/nce/Projects/paperhub/src/views/Login.vue
FNF:0
FNH:0
DA:6,1
LF:1
LH:1
BRF:0
BRH:0
end_of_record
TN:
SF:/home/nce/Projects/paperhub/src/views/Register.vue
FNF:0
FNH:0
DA:7,1
LF:1
LH:1
BRF:0
BRH:0
end_of_record
