TN:
SF:/home/nce/Projects/paperhub/src/App.vue
FN:20,(anonymous_1)
FNF:1
FNH:0
FNDA:0,(anonymous_1)
DA:11,0
DA:20,0
LF:2
LH:0
BRF:0
BRH:0
end_of_record
TN:
SF:/home/nce/Projects/paperhub/src/main.js
FN:13,(anonymous_0)
FNF:1
FNH:0
FNDA:0,(anonymous_0)
DA:7,0
DA:9,0
DA:13,0
LF:3
LH:0
BRF:0
BRH:0
end_of_record
TN:
SF:/home/nce/Projects/paperhub/src/components/UploadDialog.vue
FN:63,(anonymous_1)
FN:65,(anonymous_2)
FN:72,(anonymous_3)
FN:76,(anonymous_4)
FN:81,(anonymous_5)
FN:89,(anonymous_6)
FN:92,(anonymous_7)
FNF:7
FNH:5
FNDA:4,(anonymous_1)
FNDA:6,(anonymous_2)
FNDA:1,(anonymous_3)
FNDA:0,(anonymous_4)
FNDA:0,(anonymous_5)
FNDA:1,(anonymous_6)
FNDA:1,(anonymous_7)
DA:63,4
DA:65,6
DA:73,1
DA:74,1
DA:77,0
DA:78,0
DA:79,0
DA:82,0
DA:83,0
DA:84,0
DA:85,0
DA:90,1
DA:91,1
DA:92,1
DA:93,1
DA:95,1
LF:16
LH:9
BRDA:65,0,0,6
BRDA:65,0,1,0
BRDA:65,0,2,0
BRDA:90,1,0,1
BRDA:90,1,1,0
BRF:5
BRH:2
end_of_record
TN:
SF:/home/nce/Projects/paperhub/src/components/Home/TopBar.vue
FNF:0
FNH:0
DA:16,0
LF:1
LH:0
BRF:0
BRH:0
end_of_record
TN:
SF:/home/nce/Projects/paperhub/src/store/index.js
FNF:0
FNH:0
DA:4,0
LF:1
LH:0
BRF:0
BRH:0
end_of_record
